/home/dan/duckietown-ros2-ws/dt-core/packages/robots/duckiebot/dagu_car/install/lib/python3.12/site-packages/dagu_car/__init__.py
/home/dan/duckietown-ros2-ws/dt-core/packages/robots/duckiebot/dagu_car/install/lib/python3.12/site-packages/dagu_car/kinematics_node.py
/home/dan/duckietown-ros2-ws/dt-core/packages/robots/duckiebot/dagu_car/install/lib/python3.12/site-packages/dagu_car/velocity_to_pose_node.py
/home/dan/duckietown-ros2-ws/dt-core/packages/robots/duckiebot/dagu_car/install/lib/python3.12/site-packages/dagu_car/car_cmd_switch_node.py
/home/dan/duckietown-ros2-ws/dt-core/packages/robots/duckiebot/dagu_car/install/lib/python3.12/site-packages/dagu_car/__pycache__/__init__.cpython-312.pyc
/home/dan/duckietown-ros2-ws/dt-core/packages/robots/duckiebot/dagu_car/install/lib/python3.12/site-packages/dagu_car/__pycache__/kinematics_node.cpython-312.pyc
/home/dan/duckietown-ros2-ws/dt-core/packages/robots/duckiebot/dagu_car/install/lib/python3.12/site-packages/dagu_car/__pycache__/velocity_to_pose_node.cpython-312.pyc
/home/dan/duckietown-ros2-ws/dt-core/packages/robots/duckiebot/dagu_car/install/lib/python3.12/site-packages/dagu_car/__pycache__/car_cmd_switch_node.cpython-312.pyc
/home/dan/duckietown-ros2-ws/dt-core/packages/robots/duckiebot/dagu_car/install/share/ament_index/resource_index/packages/dagu_car
/home/dan/duckietown-ros2-ws/dt-core/packages/robots/duckiebot/dagu_car/install/share/dagu_car/package.xml
/home/dan/duckietown-ros2-ws/dt-core/packages/robots/duckiebot/dagu_car/install/lib/python3.12/site-packages/dagu_car-0.1.0-py3.12.egg-info/SOURCES.txt
/home/dan/duckietown-ros2-ws/dt-core/packages/robots/duckiebot/dagu_car/install/lib/python3.12/site-packages/dagu_car-0.1.0-py3.12.egg-info/PKG-INFO
/home/dan/duckietown-ros2-ws/dt-core/packages/robots/duckiebot/dagu_car/install/lib/python3.12/site-packages/dagu_car-0.1.0-py3.12.egg-info/dependency_links.txt
/home/dan/duckietown-ros2-ws/dt-core/packages/robots/duckiebot/dagu_car/install/lib/python3.12/site-packages/dagu_car-0.1.0-py3.12.egg-info/entry_points.txt
/home/dan/duckietown-ros2-ws/dt-core/packages/robots/duckiebot/dagu_car/install/lib/python3.12/site-packages/dagu_car-0.1.0-py3.12.egg-info/zip-safe
/home/dan/duckietown-ros2-ws/dt-core/packages/robots/duckiebot/dagu_car/install/lib/python3.12/site-packages/dagu_car-0.1.0-py3.12.egg-info/top_level.txt
/home/dan/duckietown-ros2-ws/dt-core/packages/robots/duckiebot/dagu_car/install/lib/python3.12/site-packages/dagu_car-0.1.0-py3.12.egg-info/requires.txt
/home/dan/duckietown-ros2-ws/dt-core/packages/robots/duckiebot/dagu_car/install/lib/dagu_car/car_cmd_switch_node
/home/dan/duckietown-ros2-ws/dt-core/packages/robots/duckiebot/dagu_car/install/lib/dagu_car/kinematics_node
/home/dan/duckietown-ros2-ws/dt-core/packages/robots/duckiebot/dagu_car/install/lib/dagu_car/velocity_to_pose_node
