[1.526s] Invoking command in '/home/dan/duckietown-ros2-ws/dt-core/packages/robots/duckiebot/dagu_car': DEBUGINFOD_URLS=https://debuginfod.ubuntu.com PYTHONPATH=/home/dan/duckietown-ros2-ws/dt-core/packages/robots/duckiebot/dagu_car/build/dagu_car/prefix_override:/usr/lib/python3/dist-packages/colcon_core/task/python/colcon_distutils_commands:/home/dan/duckietown-ros2-ws/dt-core/packages/robots/duckiebot/dagu_car/install/lib/python3.12/site-packages:${PYTHONPATH} /usr/bin/python3 -W ignore:setup.py install is deprecated -W ignore:easy_install command is deprecated setup.py egg_info --egg-base build/dagu_car build --build-base /home/dan/duckietown-ros2-ws/dt-core/packages/robots/duckiebot/dagu_car/build/dagu_car/build install --record /home/dan/duckietown-ros2-ws/dt-core/packages/robots/duckiebot/dagu_car/build/dagu_car/install.log --single-version-externally-managed install_data
[2.010s] running egg_info
[2.011s] creating build/dagu_car/dagu_car.egg-info
[2.049s] writing build/dagu_car/dagu_car.egg-info/PKG-INFO
[2.050s] writing dependency_links to build/dagu_car/dagu_car.egg-info/dependency_links.txt
[2.050s] writing entry points to build/dagu_car/dagu_car.egg-info/entry_points.txt
[2.051s] writing requirements to build/dagu_car/dagu_car.egg-info/requires.txt
[2.051s] writing top-level names to build/dagu_car/dagu_car.egg-info/top_level.txt
[2.051s] writing manifest file 'build/dagu_car/dagu_car.egg-info/SOURCES.txt'
[2.121s] reading manifest file 'build/dagu_car/dagu_car.egg-info/SOURCES.txt'
[2.123s] writing manifest file 'build/dagu_car/dagu_car.egg-info/SOURCES.txt'
[2.123s] running build
[2.123s] running build_py
[2.124s] creating /home/dan/duckietown-ros2-ws/dt-core/packages/robots/duckiebot/dagu_car/build/dagu_car/build
[2.124s] creating /home/dan/duckietown-ros2-ws/dt-core/packages/robots/duckiebot/dagu_car/build/dagu_car/build/lib
[2.124s] creating /home/dan/duckietown-ros2-ws/dt-core/packages/robots/duckiebot/dagu_car/build/dagu_car/build/lib/dagu_car
[2.124s] copying dagu_car/__init__.py -> /home/dan/duckietown-ros2-ws/dt-core/packages/robots/duckiebot/dagu_car/build/dagu_car/build/lib/dagu_car
[2.125s] copying dagu_car/kinematics_node.py -> /home/dan/duckietown-ros2-ws/dt-core/packages/robots/duckiebot/dagu_car/build/dagu_car/build/lib/dagu_car
[2.125s] copying dagu_car/velocity_to_pose_node.py -> /home/dan/duckietown-ros2-ws/dt-core/packages/robots/duckiebot/dagu_car/build/dagu_car/build/lib/dagu_car
[2.125s] copying dagu_car/car_cmd_switch_node.py -> /home/dan/duckietown-ros2-ws/dt-core/packages/robots/duckiebot/dagu_car/build/dagu_car/build/lib/dagu_car
[2.125s] running install
[2.136s] running install_lib
[2.176s] creating /home/dan/duckietown-ros2-ws/dt-core/packages/robots/duckiebot/dagu_car/install/lib/python3.12/site-packages/dagu_car
[2.176s] copying /home/dan/duckietown-ros2-ws/dt-core/packages/robots/duckiebot/dagu_car/build/dagu_car/build/lib/dagu_car/__init__.py -> /home/dan/duckietown-ros2-ws/dt-core/packages/robots/duckiebot/dagu_car/install/lib/python3.12/site-packages/dagu_car
[2.177s] copying /home/dan/duckietown-ros2-ws/dt-core/packages/robots/duckiebot/dagu_car/build/dagu_car/build/lib/dagu_car/kinematics_node.py -> /home/dan/duckietown-ros2-ws/dt-core/packages/robots/duckiebot/dagu_car/install/lib/python3.12/site-packages/dagu_car
[2.177s] copying /home/dan/duckietown-ros2-ws/dt-core/packages/robots/duckiebot/dagu_car/build/dagu_car/build/lib/dagu_car/velocity_to_pose_node.py -> /home/dan/duckietown-ros2-ws/dt-core/packages/robots/duckiebot/dagu_car/install/lib/python3.12/site-packages/dagu_car
[2.177s] copying /home/dan/duckietown-ros2-ws/dt-core/packages/robots/duckiebot/dagu_car/build/dagu_car/build/lib/dagu_car/car_cmd_switch_node.py -> /home/dan/duckietown-ros2-ws/dt-core/packages/robots/duckiebot/dagu_car/install/lib/python3.12/site-packages/dagu_car
[2.178s] byte-compiling /home/dan/duckietown-ros2-ws/dt-core/packages/robots/duckiebot/dagu_car/install/lib/python3.12/site-packages/dagu_car/__init__.py to __init__.cpython-312.pyc
[2.179s] byte-compiling /home/dan/duckietown-ros2-ws/dt-core/packages/robots/duckiebot/dagu_car/install/lib/python3.12/site-packages/dagu_car/kinematics_node.py to kinematics_node.cpython-312.pyc
[2.180s] byte-compiling /home/dan/duckietown-ros2-ws/dt-core/packages/robots/duckiebot/dagu_car/install/lib/python3.12/site-packages/dagu_car/velocity_to_pose_node.py to velocity_to_pose_node.cpython-312.pyc
[2.182s] byte-compiling /home/dan/duckietown-ros2-ws/dt-core/packages/robots/duckiebot/dagu_car/install/lib/python3.12/site-packages/dagu_car/car_cmd_switch_node.py to car_cmd_switch_node.cpython-312.pyc
[2.183s] running install_data
[2.183s] creating /home/dan/duckietown-ros2-ws/dt-core/packages/robots/duckiebot/dagu_car/install/share/ament_index
[2.183s] creating /home/dan/duckietown-ros2-ws/dt-core/packages/robots/duckiebot/dagu_car/install/share/ament_index/resource_index
[2.184s] creating /home/dan/duckietown-ros2-ws/dt-core/packages/robots/duckiebot/dagu_car/install/share/ament_index/resource_index/packages
[2.184s] copying resource/dagu_car -> /home/dan/duckietown-ros2-ws/dt-core/packages/robots/duckiebot/dagu_car/install/share/ament_index/resource_index/packages
[2.184s] copying package.xml -> /home/dan/duckietown-ros2-ws/dt-core/packages/robots/duckiebot/dagu_car/install/share/dagu_car
[2.184s] running install_egg_info
[2.219s] Copying build/dagu_car/dagu_car.egg-info to /home/dan/duckietown-ros2-ws/dt-core/packages/robots/duckiebot/dagu_car/install/lib/python3.12/site-packages/dagu_car-0.1.0-py3.12.egg-info
[2.221s] running install_scripts
[2.458s] Installing car_cmd_switch_node script to /home/dan/duckietown-ros2-ws/dt-core/packages/robots/duckiebot/dagu_car/install/lib/dagu_car
[2.458s] Installing kinematics_node script to /home/dan/duckietown-ros2-ws/dt-core/packages/robots/duckiebot/dagu_car/install/lib/dagu_car
[2.458s] Installing velocity_to_pose_node script to /home/dan/duckietown-ros2-ws/dt-core/packages/robots/duckiebot/dagu_car/install/lib/dagu_car
[2.458s] writing list of installed files to '/home/dan/duckietown-ros2-ws/dt-core/packages/robots/duckiebot/dagu_car/build/dagu_car/install.log'
[2.493s] Invoked command in '/home/dan/duckietown-ros2-ws/dt-core/packages/robots/duckiebot/dagu_car' returned '0': DEBUGINFOD_URLS=https://debuginfod.ubuntu.com PYTHONPATH=/home/dan/duckietown-ros2-ws/dt-core/packages/robots/duckiebot/dagu_car/build/dagu_car/prefix_override:/usr/lib/python3/dist-packages/colcon_core/task/python/colcon_distutils_commands:/home/dan/duckietown-ros2-ws/dt-core/packages/robots/duckiebot/dagu_car/install/lib/python3.12/site-packages:${PYTHONPATH} /usr/bin/python3 -W ignore:setup.py install is deprecated -W ignore:easy_install command is deprecated setup.py egg_info --egg-base build/dagu_car build --build-base /home/dan/duckietown-ros2-ws/dt-core/packages/robots/duckiebot/dagu_car/build/dagu_car/build install --record /home/dan/duckietown-ros2-ws/dt-core/packages/robots/duckiebot/dagu_car/build/dagu_car/install.log --single-version-externally-managed install_data
